<?xml version="1.0" encoding="UTF-8"?>
<testsuite xmlns:xsi="http://www.w3.org/2001/XMLSchema-instance" xsi:noNamespaceSchemaLocation="https://maven.apache.org/surefire/maven-surefire-plugin/xsd/surefire-test-report.xsd" name="com.sg.stormchaserblog.dao.BlogDaoImplTest" time="15.979" tests="26" errors="0" skipped="3" failures="0">
  <properties>
[...]
</properties>
  <testcase name="getAllDeleteUsers" classname="com.sg.stormchaserblog.dao.BlogDaoImplTest" time="0">
    <skipped/>
    <system-out><![CDATA[09:12:43.125 [main] DEBUG org.springframework.test.context.junit4.SpringJUnit4ClassRunner - SpringJUnit4ClassRunner constructor called with [class com.sg.stormchaserblog.dao.BlogDaoImplTest]
09:12:43.141 [main] DEBUG org.springframework.test.context.BootstrapUtils - Instantiating CacheAwareContextLoaderDelegate from class [org.springframework.test.context.cache.DefaultCacheAwareContextLoaderDelegate]
09:12:43.157 [main] DEBUG org.springframework.test.context.BootstrapUtils - Instantiating BootstrapContext using constructor [public org.springframework.test.context.support.DefaultBootstrapContext(java.lang.Class,org.springframework.test.context.CacheAwareContextLoaderDelegate)]
09:12:43.203 [main] DEBUG org.springframework.test.context.BootstrapUtils - Instantiating TestContextBootstrapper for test class [com.sg.stormchaserblog.dao.BlogDaoImplTest] from class [org.springframework.boot.test.context.SpringBootTestContextBootstrapper]
09:12:43.242 [main] INFO org.springframework.boot.test.context.SpringBootTestContextBootstrapper - Neither @ContextConfiguration nor @ContextHierarchy found for test class [com.sg.stormchaserblog.dao.BlogDaoImplTest], using SpringBootContextLoader
09:12:43.252 [main] DEBUG org.springframework.test.context.support.AbstractContextLoader - Did not detect default resource location for test class [com.sg.stormchaserblog.dao.BlogDaoImplTest]: class path resource [com/sg/stormchaserblog/dao/BlogDaoImplTest-context.xml] does not exist
09:12:43.254 [main] DEBUG org.springframework.test.context.support.AbstractContextLoader - Did not detect default resource location for test class [com.sg.stormchaserblog.dao.BlogDaoImplTest]: class path resource [com/sg/stormchaserblog/dao/BlogDaoImplTestContext.groovy] does not exist
09:12:43.255 [main] INFO org.springframework.test.context.support.AbstractContextLoader - Could not detect default resource locations for test class [com.sg.stormchaserblog.dao.BlogDaoImplTest]: no resource found for suffixes {-context.xml, Context.groovy}.
09:12:43.263 [main] INFO org.springframework.test.context.support.AnnotationConfigContextLoaderUtils - Could not detect default configuration classes for test class [com.sg.stormchaserblog.dao.BlogDaoImplTest]: BlogDaoImplTest does not declare any static, non-private, non-final, nested classes annotated with @Configuration.
09:12:43.390 [main] DEBUG org.springframework.test.context.support.ActiveProfilesUtils - Could not find an 'annotation declaring class' for annotation type [org.springframework.test.context.ActiveProfiles] and class [com.sg.stormchaserblog.dao.BlogDaoImplTest]
09:12:43.731 [main] DEBUG org.springframework.context.annotation.ClassPathScanningCandidateComponentProvider - Identified candidate component class: file [/Users/matthewswanberg/Documents/potatokings/StormChaserBlog/target/classes/com/sg/stormchaserblog/App.class]
09:12:43.734 [main] INFO org.springframework.boot.test.context.SpringBootTestContextBootstrapper - Found @SpringBootConfiguration com.sg.stormchaserblog.App for test class com.sg.stormchaserblog.dao.BlogDaoImplTest
09:12:44.035 [main] DEBUG org.springframework.boot.test.context.SpringBootTestContextBootstrapper - @TestExecutionListeners is not present for class [com.sg.stormchaserblog.dao.BlogDaoImplTest]: using defaults.
09:12:44.039 [main] INFO org.springframework.boot.test.context.SpringBootTestContextBootstrapper - Loaded default TestExecutionListener class names from location [META-INF/spring.factories]: [org.springframework.security.test.context.support.WithSecurityContextTestExecutionListener, org.springframework.security.test.context.support.ReactorContextTestExecutionListener, org.springframework.test.context.web.ServletTestExecutionListener, org.springframework.test.context.support.DirtiesContextBeforeModesTestExecutionListener, org.springframework.test.context.support.DependencyInjectionTestExecutionListener, org.springframework.test.context.support.DirtiesContextTestExecutionListener, org.springframework.test.context.transaction.TransactionalTestExecutionListener, org.springframework.test.context.jdbc.SqlScriptsTestExecutionListener, org.springframework.boot.test.mock.mockito.MockitoTestExecutionListener, org.springframework.boot.test.mock.mockito.ResetMocksTestExecutionListener, org.springframework.boot.test.autoconfigure.restdocs.RestDocsTestExecutionListener, org.springframework.boot.test.autoconfigure.web.client.MockRestServiceServerResetTestExecutionListener, org.springframework.boot.test.autoconfigure.web.servlet.MockMvcPrintOnlyOnFailureTestExecutionListener, org.springframework.boot.test.autoconfigure.web.servlet.WebDriverTestExecutionListener]
09:12:44.102 [main] INFO org.springframework.boot.test.context.SpringBootTestContextBootstrapper - Using TestExecutionListeners: [org.springframework.test.context.web.ServletTestExecutionListener@6ae5aa72, org.springframework.test.context.support.DirtiesContextBeforeModesTestExecutionListener@222545dc, org.springframework.boot.test.mock.mockito.MockitoTestExecutionListener@5c5eefef, org.springframework.boot.test.autoconfigure.SpringBootDependencyInjectionTestExecutionListener@16293aa2, org.springframework.test.context.support.DirtiesContextTestExecutionListener@5158b42f, org.springframework.test.context.transaction.TransactionalTestExecutionListener@595b007d, org.springframework.test.context.jdbc.SqlScriptsTestExecutionListener@72d1ad2e, org.springframework.security.test.context.support.WithSecurityContextTestExecutionListener@2d7275fc, org.springframework.security.test.context.support.ReactorContextTestExecutionListener@399f45b1, org.springframework.boot.test.mock.mockito.ResetMocksTestExecutionListener@38c6f217, org.springframework.boot.test.autoconfigure.restdocs.RestDocsTestExecutionListener@478190fc, org.springframework.boot.test.autoconfigure.web.client.MockRestServiceServerResetTestExecutionListener@79e2c065, org.springframework.boot.test.autoconfigure.web.servlet.MockMvcPrintOnlyOnFailureTestExecutionListener@3a93b025, org.springframework.boot.test.autoconfigure.web.servlet.WebDriverTestExecutionListener@35cabb2a]
09:12:44.111 [main] DEBUG org.springframework.test.annotation.ProfileValueUtils - Retrieved @ProfileValueSourceConfiguration [null] for test class [com.sg.stormchaserblog.dao.BlogDaoImplTest]
09:12:44.114 [main] DEBUG org.springframework.test.annotation.ProfileValueUtils - Retrieved ProfileValueSource type [class org.springframework.test.annotation.SystemProfileValueSource] for class [com.sg.stormchaserblog.dao.BlogDaoImplTest]
09:12:44.119 [main] DEBUG org.springframework.test.annotation.ProfileValueUtils - Retrieved @ProfileValueSourceConfiguration [null] for test class [com.sg.stormchaserblog.dao.BlogDaoImplTest]
09:12:44.120 [main] DEBUG org.springframework.test.annotation.ProfileValueUtils - Retrieved ProfileValueSource type [class org.springframework.test.annotation.SystemProfileValueSource] for class [com.sg.stormchaserblog.dao.BlogDaoImplTest]
09:12:44.122 [main] DEBUG org.springframework.test.annotation.ProfileValueUtils - Retrieved @ProfileValueSourceConfiguration [null] for test class [com.sg.stormchaserblog.dao.BlogDaoImplTest]
09:12:44.123 [main] DEBUG org.springframework.test.annotation.ProfileValueUtils - Retrieved ProfileValueSource type [class org.springframework.test.annotation.SystemProfileValueSource] for class [com.sg.stormchaserblog.dao.BlogDaoImplTest]
09:12:44.133 [main] DEBUG org.springframework.test.context.support.AbstractDirtiesContextTestExecutionListener - Before test class: context [DefaultTestContext@72967906 testClass = BlogDaoImplTest, testInstance = [null], testMethod = [null], testException = [null], mergedContextConfiguration = [WebMergedContextConfiguration@5b8dfcc1 testClass = BlogDaoImplTest, locations = '{}', classes = '{class com.sg.stormchaserblog.App}', contextInitializerClasses = '[]', activeProfiles = '{}', propertySourceLocations = '{classpath:testApplication.properties}', propertySourceProperties = '{org.springframework.boot.test.context.SpringBootTestContextBootstrapper=true}', contextCustomizers = set[org.springframework.boot.test.context.filter.ExcludeFilterContextCustomizer@458c1321, org.springframework.boot.test.json.DuplicateJsonObjectContextCustomizerFactory$DuplicateJsonObjectContextCustomizer@7a1ebcd8, org.springframework.boot.test.mock.mockito.MockitoContextCustomizer@0, org.springframework.boot.test.web.client.TestRestTemplateContextCustomizer@6f195bc3, org.springframework.boot.test.autoconfigure.properties.PropertyMappingContextCustomizer@0, org.springframework.boot.test.autoconfigure.web.servlet.WebDriverContextCustomizerFactory$Customizer@26a7b76d], resourceBasePath = 'src/main/webapp', contextLoader = 'org.springframework.boot.test.context.SpringBootContextLoader', parent = [null]], attributes = map['org.springframework.test.context.web.ServletTestExecutionListener.activateListener' -> true]], class annotated with @DirtiesContext [false] with mode [null].
]]></system-out>
  </testcase>
  <testcase name="getPostsByCat" classname="com.sg.stormchaserblog.dao.BlogDaoImplTest" time="1.194"/>
  <testcase name="getPostsByTag" classname="com.sg.stormchaserblog.dao.BlogDaoImplTest" time="0.179"/>
  <testcase name="getAllDeletePhotos" classname="com.sg.stormchaserblog.dao.BlogDaoImplTest" time="0.623"/>
  <testcase name="testUpdateMap" classname="com.sg.stormchaserblog.dao.BlogDaoImplTest" time="0.118"/>
  <testcase name="testUpdateTag" classname="com.sg.stormchaserblog.dao.BlogDaoImplTest" time="0.125"/>
  <testcase name="testUpdatePhoto" classname="com.sg.stormchaserblog.dao.BlogDaoImplTest" time="0.035"/>
  <testcase name="testUpdatePost" classname="com.sg.stormchaserblog.dao.BlogDaoImplTest" time="0.348"/>
  <testcase name="testUpdateUser" classname="com.sg.stormchaserblog.dao.BlogDaoImplTest" time="0">
    <skipped/>
  </testcase>
  <testcase name="getMostRecentMap" classname="com.sg.stormchaserblog.dao.BlogDaoImplTest" time="0.152"/>
  <testcase name="getPostsByAuthor" classname="com.sg.stormchaserblog.dao.BlogDaoImplTest" time="0.3"/>
  <testcase name="testUpdateAuthor" classname="com.sg.stormchaserblog.dao.BlogDaoImplTest" time="0.09"/>
  <testcase name="testUpdateCategory" classname="com.sg.stormchaserblog.dao.BlogDaoImplTest" time="0.111"/>
  <testcase name="getAllDeleteCategories" classname="com.sg.stormchaserblog.dao.BlogDaoImplTest" time="0.07"/>
  <testcase name="getAllDeleteMaps" classname="com.sg.stormchaserblog.dao.BlogDaoImplTest" time="0.103"/>
  <testcase name="getAllDeleteTags" classname="com.sg.stormchaserblog.dao.BlogDaoImplTest" time="0.107"/>
  <testcase name="testAddGetMap" classname="com.sg.stormchaserblog.dao.BlogDaoImplTest" time="0.032"/>
  <testcase name="testAddGetTag" classname="com.sg.stormchaserblog.dao.BlogDaoImplTest" time="0.1"/>
  <testcase name="testAddGetPhoto" classname="com.sg.stormchaserblog.dao.BlogDaoImplTest" time="0.037"/>
  <testcase name="getAllDeleteBlogPostsDescAsc" classname="com.sg.stormchaserblog.dao.BlogDaoImplTest" time="0.215"/>
  <testcase name="testAddGetPost" classname="com.sg.stormchaserblog.dao.BlogDaoImplTest" time="0.096"/>
  <testcase name="testAddGetUser" classname="com.sg.stormchaserblog.dao.BlogDaoImplTest" time="0">
    <skipped/>
  </testcase>
  <testcase name="testAddGetAuthor" classname="com.sg.stormchaserblog.dao.BlogDaoImplTest" time="0.111"/>
  <testcase name="getAllDeleteStaticPosts" classname="com.sg.stormchaserblog.dao.BlogDaoImplTest" time="0.28"/>
  <testcase name="getAllDeleteAuthors" classname="com.sg.stormchaserblog.dao.BlogDaoImplTest" time="0.156"/>
  <testcase name="testAddGetCategory" classname="com.sg.stormchaserblog.dao.BlogDaoImplTest" time="0.034"/>
</testsuite>